{"ID":"59136845-EC98-4139-A7AF-964CB782C1EC","NAME":"PEDRO-0 IS EVEN","AT":1663189581564}
{"ID":"49AD1E47-366B-47B2-BDBB-7E8D4733089E","NAME":"PEDRO-2 IS EVEN","AT":1663189581564}
{"ID":"384146D2-C777-480C-885B-C4E8D3438FF7","NAME":"PEDRO-4 IS EVEN","AT":1663189581564}
{"ID":"A91D37C3-7D2E-46DC-838E-314CEC225865","NAME":"PEDRO-6 IS EVEN","AT":1663189581564}
{"ID":"C554C475-5ACE-42AE-AC18-B05C1F7FF0DE","NAME":"PEDRO-8 IS EVEN","AT":1663189581564}
{"ID":"057C08A9-B634-4952-BE7A-C8E8443A86C7","NAME":"PEDRO-10 IS EVEN","AT":1663189581564}
{"ID":"AFF84FED-B293-4796-A7DC-E0E4951F88C1","NAME":"PEDRO-12 IS EVEN","AT":1663189581564}
{"ID":"A87813D6-E5D8-4B53-BE66-5043E5E52991","NAME":"PEDRO-14 IS EVEN","AT":1663189581564}
{"ID":"8183A0A8-140E-4383-B450-CA500A2ACC75","NAME":"PEDRO-16 IS EVEN","AT":1663189581564}
{"ID":"D1288641-8949-44FD-8545-AEB9A0837752","NAME":"PEDRO-18 IS EVEN","AT":1663189581564}
{"ID":"07499A79-441B-446B-BE4F-CA1E22FE7E4F","NAME":"PEDRO-20 IS EVEN","AT":1663189581564}
{"ID":"206EC191-4D2C-4CFB-9E94-1E36A81E9E60","NAME":"PEDRO-22 IS EVEN","AT":1663189581564}
{"ID":"C529EB57-CBE5-4FEA-B0EF-B6CB22202875","NAME":"PEDRO-24 IS EVEN","AT":1663189581564}
{"ID":"3600B871-F2D7-4FB2-99D2-F734F0A4E4EA","NAME":"PEDRO-26 IS EVEN","AT":1663189581564}
{"ID":"1F5C0AFC-101D-4821-A5DD-D3D93D5BB7D9","NAME":"PEDRO-28 IS EVEN","AT":1663189581564}
{"ID":"CE4E1908-C690-4A10-90F5-928A42E91C94","NAME":"PEDRO-30 IS EVEN","AT":1663189581564}
{"ID":"0892355D-1D7C-434E-B0FE-BC78499C45C9","NAME":"PEDRO-32 IS EVEN","AT":1663189581564}
{"ID":"D76281E1-2246-4633-93AF-8A78AE1DD679","NAME":"PEDRO-34 IS EVEN","AT":1663189581564}
{"ID":"6B84E1E5-5290-4538-9FD5-6C841AE23A47","NAME":"PEDRO-36 IS EVEN","AT":1663189581564}
{"ID":"DE7F3F34-3402-4A28-B047-BF0F8DBB99DA","NAME":"PEDRO-38 IS EVEN","AT":1663189581564}
{"ID":"39BB98B6-B349-4CCF-90D9-3E2789A0139A","NAME":"PEDRO-40 IS EVEN","AT":1663189581564}
{"ID":"3E9454EE-6B98-4B15-B576-D3F3FD201B2B","NAME":"PEDRO-42 IS EVEN","AT":1663189581564}
{"ID":"4CCB4A33-001D-4D1E-8375-7DA882DBE356","NAME":"PEDRO-44 IS EVEN","AT":1663189581564}
{"ID":"5A4CF2D8-047C-4DCC-AA4B-74F927FF3D39","NAME":"PEDRO-46 IS EVEN","AT":1663189581564}
{"ID":"8B331D75-7328-4718-A991-053D2B835096","NAME":"PEDRO-48 IS EVEN","AT":1663189581564}
{"ID":"7BCBE316-DEEB-4832-8F6C-4BEFBFB168A4","NAME":"PEDRO-50 IS EVEN","AT":1663189581564}
{"ID":"EFA41F2A-CF99-4D58-A53F-9F13ABAECF87","NAME":"PEDRO-52 IS EVEN","AT":1663189581564}
{"ID":"4383756F-AA98-4687-802C-06274784E610","NAME":"PEDRO-54 IS EVEN","AT":1663189581564}
{"ID":"A223BA54-FA8B-419C-B9D2-DAD029FC3CC6","NAME":"PEDRO-56 IS EVEN","AT":1663189581565}
{"ID":"3AB89C64-4F4D-477F-B0DD-6E9E88AB1F6A","NAME":"PEDRO-58 IS EVEN","AT":1663189581565}
{"ID":"27B31563-4FF6-4329-8050-7AF6FB86ADBD","NAME":"PEDRO-60 IS EVEN","AT":1663189581565}
{"ID":"050B1FC8-4A96-486C-9048-543D635DE5E0","NAME":"PEDRO-62 IS EVEN","AT":1663189581565}
{"ID":"51196CEE-FB3F-40CD-A12E-935C58C00B38","NAME":"PEDRO-64 IS EVEN","AT":1663189581565}
{"ID":"E531325A-7D5C-48B8-9074-846FF6CA1E5B","NAME":"PEDRO-66 IS EVEN","AT":1663189581565}
{"ID":"33B6CADF-3843-493A-B7C5-B0FFBDAE2228","NAME":"PEDRO-68 IS EVEN","AT":1663189581565}
{"ID":"D1D5D285-A13F-43E8-A78D-3DA4202E2216","NAME":"PEDRO-70 IS EVEN","AT":1663189581565}
{"ID":"7DB86C47-82A8-411D-944B-B79AE8270B33","NAME":"PEDRO-72 IS EVEN","AT":1663189581565}
{"ID":"DEF4BB59-7389-4F9A-8185-80D11EC78A63","NAME":"PEDRO-74 IS EVEN","AT":1663189581565}
{"ID":"66C6BB66-7621-4823-8879-097B3B1062D5","NAME":"PEDRO-76 IS EVEN","AT":1663189581565}
{"ID":"8EB5910B-C43D-4B6F-AE3A-30F180956D62","NAME":"PEDRO-78 IS EVEN","AT":1663189581565}
{"ID":"CA6E6F58-D5C2-41AE-B148-423E59288BD3","NAME":"PEDRO-80 IS EVEN","AT":1663189581565}
{"ID":"AF03F8E3-F7E6-41B0-B912-01FC50EC21F7","NAME":"PEDRO-82 IS EVEN","AT":1663189581565}
{"ID":"CD65524D-D870-450E-BC84-D530FD6A854E","NAME":"PEDRO-84 IS EVEN","AT":1663189581565}
{"ID":"3B1D9891-493B-4B1A-AD7D-5F47AD9B5203","NAME":"PEDRO-86 IS EVEN","AT":1663189581565}
{"ID":"B7651098-6922-43FA-9B24-EBFB986A731D","NAME":"PEDRO-88 IS EVEN","AT":1663189581565}
{"ID":"1BAB59E1-CB28-4801-AB65-7E62EE7130CC","NAME":"PEDRO-90 IS EVEN","AT":1663189581565}
{"ID":"ED73E8C6-7669-4F92-8F55-8D972965A7BD","NAME":"PEDRO-92 IS EVEN","AT":1663189581565}
{"ID":"3C04C3D3-CD8D-4A33-A019-43DB711C3624","NAME":"PEDRO-94 IS EVEN","AT":1663189581565}
{"ID":"74B7C443-1A6F-4338-9361-BDE674C70434","NAME":"PEDRO-96 IS EVEN","AT":1663189581565}
{"ID":"009DB349-E57C-41F8-8BB6-F95BE9024FE4","NAME":"PEDRO-98 IS EVEN","AT":1663189581565}
